<?xml version='1.0' encoding='UTF-8'?><qti-assessment-item xmlns="http://www.imsglobal.org/xsd/qti/imsqtiasi_v3p0" xmlns:xsi="http://www.w3.org/2001/XMLSchema-instance" xsi:schemaLocation="http://www.imsglobal.org/xsd/imsqtiasi_v3p0 https://www.imsglobal.org/xsd/qti/qtiv3p0/imsqti_itemv3p0_v1p0.xsd" identifier="test-1-item-2" time-dependent="false" xml:lang="en-US"> <qti-response-declaration base-type="identifier" cardinality="single" identifier="RESPONSE"> <qti-correct-response><qti-value>A</qti-value></qti-correct-response> </qti-response-declaration><qti-outcome-declaration base-type="float" cardinality="single" identifier="SCORE"><qti-default-value><qti-value>1</qti-value></qti-default-value></qti-outcome-declaration><qti-item-body><p>List kid stay claim. ?</p><qti-choice-interaction max-choices="1" min-choices="1" response-identifier="RESPONSE" ><qti-simple-choice identifier="A">Rule ask person agreement.</qti-simple-choice><qti-simple-choice identifier="B">Through decision heavy side.</qti-simple-choice><qti-simple-choice identifier="C">Itself enough fund court.</qti-simple-choice></qti-choice-interaction></qti-item-body></qti-assessment-item>