<?xml version='1.0' encoding='UTF-8'?><qti-assessment-test xmlns="http://www.imsglobal.org/xsd/imsqti_v3p0" xmlns:xsi="http://www.w3.org/2001/XMLSchema-instance" identifier="1" title="Later home summer." xsi:schemaLocation="http://www.imsglobal.org/xsd/imsqti_v3p0 https://purl.imsglobal.org/spec/qti/v3p0/xsd/imsqti_asiv3p0_v1p0.xsd" xml:lang="en-US"> <qti-test-part identifier="1" navigation-mode="linear" submission-mode="individual"> <qti-assessment-section identifier="1" title="On color." visible="true"><qti-assessment-item-ref identifier="test-1-item-1" href="test-1-item-1.xml" /><qti-assessment-item-ref identifier="test-1-item-2" href="test-1-item-2.xml" /><qti-assessment-item-ref identifier="test-1-item-3" href="test-1-item-3.xml" /></qti-assessment-section> <qti-assessment-section identifier="2" title="Picture." visible="true"><qti-assessment-item-ref identifier="test-1-item-4" href="test-1-item-4.xml" /><qti-assessment-item-ref identifier="test-1-item-5" href="test-1-item-5.xml" /><qti-assessment-item-ref identifier="test-1-item-6" href="test-1-item-6.xml" /></qti-assessment-section> <qti-assessment-section identifier="3" title="White say." visible="true"><qti-assessment-item-ref identifier="test-1-item-7" href="test-1-item-7.xml" /><qti-assessment-item-ref identifier="test-1-item-8" href="test-1-item-8.xml" /><qti-assessment-item-ref identifier="test-1-item-9" href="test-1-item-9.xml" /></qti-assessment-section> <qti-assessment-section identifier="4" title="Skill." visible="true"><qti-assessment-item-ref identifier="test-1-item-10" href="test-1-item-10.xml" /><qti-assessment-item-ref identifier="test-1-item-11" href="test-1-item-11.xml" /><qti-assessment-item-ref identifier="test-1-item-12" href="test-1-item-12.xml" /></qti-assessment-section> <qti-assessment-section identifier="5" title="Want." visible="true"><qti-assessment-item-ref identifier="test-1-item-13" href="test-1-item-13.xml" /><qti-assessment-item-ref identifier="test-1-item-14" href="test-1-item-14.xml" /><qti-assessment-item-ref identifier="test-1-item-15" href="test-1-item-15.xml" /></qti-assessment-section></qti-test-part></qti-assessment-test>